[INFO][main][2018-08-09 14:07:09][org.springframework.context.support.AbstractApplicationContext] - Refreshing org.springframework.context.support.ClassPathXmlApplicationContext@2a18f23c: startup date [Thu Aug 09 14:07:09 CST 2018]; root of context hierarchy
[INFO][main][2018-08-09 14:07:09][org.springframework.beans.factory.xml.XmlBeanDefinitionReader] - Loading XML bean definitions from URL [file:/Users/weikunpeng/clone/ShoppingMall-master/target/classes/spring-mybatis.xml]
[INFO][main][2018-08-09 14:07:10][org.springframework.core.io.support.PropertiesLoaderSupport] - Loading properties file from class path resource [jdbc.properties]
[INFO][main][2018-08-09 14:07:10][org.springframework.beans.factory.annotation.AutowiredAnnotationBeanPostProcessor] - JSR-330 'javax.inject.Inject' annotation found and supported for autowiring
[INFO][main][2018-08-09 14:07:56][org.springframework.context.support.AbstractApplicationContext] - Refreshing org.springframework.context.support.ClassPathXmlApplicationContext@2a18f23c: startup date [Thu Aug 09 14:07:56 CST 2018]; root of context hierarchy
[INFO][main][2018-08-09 14:07:57][org.springframework.beans.factory.xml.XmlBeanDefinitionReader] - Loading XML bean definitions from URL [file:/Users/weikunpeng/clone/ShoppingMall-master/target/classes/spring-mybatis.xml]
[INFO][main][2018-08-09 14:07:57][org.springframework.core.io.support.PropertiesLoaderSupport] - Loading properties file from class path resource [jdbc.properties]
[INFO][main][2018-08-09 14:07:57][org.springframework.beans.factory.annotation.AutowiredAnnotationBeanPostProcessor] - JSR-330 'javax.inject.Inject' annotation found and supported for autowiring
[INFO][main][2018-08-09 14:08:12][org.springframework.context.support.AbstractApplicationContext] - Refreshing org.springframework.context.support.ClassPathXmlApplicationContext@2a18f23c: startup date [Thu Aug 09 14:08:12 CST 2018]; root of context hierarchy
[INFO][main][2018-08-09 14:08:12][org.springframework.beans.factory.xml.XmlBeanDefinitionReader] - Loading XML bean definitions from URL [file:/Users/weikunpeng/clone/ShoppingMall-master/target/classes/spring-mybatis.xml]
[INFO][main][2018-08-09 14:08:12][org.springframework.core.io.support.PropertiesLoaderSupport] - Loading properties file from class path resource [jdbc.properties]
[INFO][main][2018-08-09 14:08:12][org.springframework.beans.factory.annotation.AutowiredAnnotationBeanPostProcessor] - JSR-330 'javax.inject.Inject' annotation found and supported for autowiring
[INFO][main][2018-08-09 14:10:34][org.springframework.context.support.AbstractApplicationContext] - Refreshing org.springframework.context.support.ClassPathXmlApplicationContext@2a18f23c: startup date [Thu Aug 09 14:10:34 CST 2018]; root of context hierarchy
[INFO][main][2018-08-09 14:10:34][org.springframework.beans.factory.xml.XmlBeanDefinitionReader] - Loading XML bean definitions from URL [file:/Users/weikunpeng/clone/ShoppingMall-master/target/classes/spring-mybatis.xml]
[INFO][main][2018-08-09 14:10:35][org.springframework.core.io.support.PropertiesLoaderSupport] - Loading properties file from class path resource [jdbc.properties]
[INFO][main][2018-08-09 14:10:35][org.springframework.beans.factory.annotation.AutowiredAnnotationBeanPostProcessor] - JSR-330 'javax.inject.Inject' annotation found and supported for autowiring
[INFO][main][2018-08-09 14:12:16][org.springframework.context.support.AbstractApplicationContext] - Refreshing org.springframework.context.support.ClassPathXmlApplicationContext@2a18f23c: startup date [Thu Aug 09 14:12:16 CST 2018]; root of context hierarchy
[INFO][main][2018-08-09 14:12:16][org.springframework.beans.factory.xml.XmlBeanDefinitionReader] - Loading XML bean definitions from URL [file:/Users/weikunpeng/clone/ShoppingMall-master/target/classes/spring-mybatis.xml]
[INFO][main][2018-08-09 14:12:17][org.springframework.core.io.support.PropertiesLoaderSupport] - Loading properties file from class path resource [jdbc.properties]
[INFO][main][2018-08-09 14:12:17][org.springframework.beans.factory.annotation.AutowiredAnnotationBeanPostProcessor] - JSR-330 'javax.inject.Inject' annotation found and supported for autowiring
[INFO][main][2018-08-09 14:12:26][org.springframework.context.support.AbstractApplicationContext] - Refreshing org.springframework.context.support.ClassPathXmlApplicationContext@2a18f23c: startup date [Thu Aug 09 14:12:26 CST 2018]; root of context hierarchy
[INFO][main][2018-08-09 14:12:26][org.springframework.beans.factory.xml.XmlBeanDefinitionReader] - Loading XML bean definitions from URL [file:/Users/weikunpeng/clone/ShoppingMall-master/target/classes/spring-mybatis.xml]
[INFO][main][2018-08-09 14:12:27][org.springframework.core.io.support.PropertiesLoaderSupport] - Loading properties file from class path resource [jdbc.properties]
[INFO][main][2018-08-09 14:12:27][org.springframework.beans.factory.annotation.AutowiredAnnotationBeanPostProcessor] - JSR-330 'javax.inject.Inject' annotation found and supported for autowiring
[INFO][main][2018-08-09 14:13:14][org.springframework.context.support.AbstractApplicationContext] - Refreshing org.springframework.context.support.ClassPathXmlApplicationContext@2a18f23c: startup date [Thu Aug 09 14:13:14 CST 2018]; root of context hierarchy
[INFO][main][2018-08-09 14:13:14][org.springframework.beans.factory.xml.XmlBeanDefinitionReader] - Loading XML bean definitions from URL [file:/Users/weikunpeng/clone/ShoppingMall-master/target/classes/spring-mybatis.xml]
[INFO][main][2018-08-09 14:13:15][org.springframework.core.io.support.PropertiesLoaderSupport] - Loading properties file from class path resource [jdbc.properties]
[INFO][main][2018-08-09 14:13:15][org.springframework.beans.factory.annotation.AutowiredAnnotationBeanPostProcessor] - JSR-330 'javax.inject.Inject' annotation found and supported for autowiring
[INFO][main][2018-08-09 14:26:26][org.springframework.context.support.AbstractApplicationContext] - Refreshing org.springframework.context.support.ClassPathXmlApplicationContext@16c0663d: startup date [Thu Aug 09 14:26:26 CST 2018]; root of context hierarchy
[INFO][main][2018-08-09 14:26:26][org.springframework.beans.factory.xml.XmlBeanDefinitionReader] - Loading XML bean definitions from URL [file:/Users/weikunpeng/clone/ShoppingMall-master/target/classes/spring-mybatis.xml]
[INFO][main][2018-08-09 14:26:27][org.springframework.core.io.support.PropertiesLoaderSupport] - Loading properties file from class path resource [jdbc.properties]
[INFO][main][2018-08-09 14:26:27][org.springframework.beans.factory.annotation.AutowiredAnnotationBeanPostProcessor] - JSR-330 'javax.inject.Inject' annotation found and supported for autowiring
[INFO][main][2018-08-09 15:14:05][org.springframework.context.support.AbstractApplicationContext] - Refreshing org.springframework.context.support.ClassPathXmlApplicationContext@16c0663d: startup date [Thu Aug 09 15:14:05 CST 2018]; root of context hierarchy
[INFO][main][2018-08-09 15:14:05][org.springframework.beans.factory.xml.XmlBeanDefinitionReader] - Loading XML bean definitions from URL [file:/Users/weikunpeng/clone/ShoppingMall-master/target/classes/spring-mybatis.xml]
[INFO][main][2018-08-09 15:14:06][org.springframework.core.io.support.PropertiesLoaderSupport] - Loading properties file from class path resource [jdbc.properties]
[INFO][main][2018-08-09 15:14:06][org.springframework.beans.factory.annotation.AutowiredAnnotationBeanPostProcessor] - JSR-330 'javax.inject.Inject' annotation found and supported for autowiring
[INFO][main][2018-08-09 16:03:01][org.springframework.context.support.AbstractApplicationContext] - Refreshing org.springframework.context.support.ClassPathXmlApplicationContext@16c0663d: startup date [Thu Aug 09 16:03:01 CST 2018]; root of context hierarchy
[INFO][main][2018-08-09 16:03:01][org.springframework.beans.factory.xml.XmlBeanDefinitionReader] - Loading XML bean definitions from URL [file:/Users/weikunpeng/clone/ShoppingMall-master/target/classes/spring-mybatis.xml]
[INFO][main][2018-08-09 16:03:01][org.springframework.core.io.support.PropertiesLoaderSupport] - Loading properties file from class path resource [jdbc.properties]
[INFO][main][2018-08-09 16:03:01][org.springframework.beans.factory.annotation.AutowiredAnnotationBeanPostProcessor] - JSR-330 'javax.inject.Inject' annotation found and supported for autowiring
[INFO][main][2018-08-09 16:06:04][org.springframework.context.support.AbstractApplicationContext] - Refreshing org.springframework.context.support.ClassPathXmlApplicationContext@16c0663d: startup date [Thu Aug 09 16:06:04 CST 2018]; root of context hierarchy
[INFO][main][2018-08-09 16:06:04][org.springframework.beans.factory.xml.XmlBeanDefinitionReader] - Loading XML bean definitions from URL [file:/Users/weikunpeng/clone/ShoppingMall-master/target/classes/spring-mybatis.xml]
[INFO][main][2018-08-09 16:06:04][org.springframework.core.io.support.PropertiesLoaderSupport] - Loading properties file from class path resource [jdbc.properties]
[INFO][main][2018-08-09 16:06:04][org.springframework.beans.factory.annotation.AutowiredAnnotationBeanPostProcessor] - JSR-330 'javax.inject.Inject' annotation found and supported for autowiring
[INFO][main][2018-08-09 16:07:22][org.springframework.context.support.AbstractApplicationContext] - Refreshing org.springframework.context.support.ClassPathXmlApplicationContext@16c0663d: startup date [Thu Aug 09 16:07:22 CST 2018]; root of context hierarchy
[INFO][main][2018-08-09 16:07:22][org.springframework.beans.factory.xml.XmlBeanDefinitionReader] - Loading XML bean definitions from URL [file:/Users/weikunpeng/clone/ShoppingMall-master/target/classes/spring-mybatis.xml]
[INFO][main][2018-08-09 16:07:23][org.springframework.core.io.support.PropertiesLoaderSupport] - Loading properties file from class path resource [jdbc.properties]
[INFO][main][2018-08-09 16:07:23][org.springframework.beans.factory.annotation.AutowiredAnnotationBeanPostProcessor] - JSR-330 'javax.inject.Inject' annotation found and supported for autowiring
[INFO][main][2018-08-09 16:07:37][org.springframework.context.support.AbstractApplicationContext] - Refreshing org.springframework.context.support.ClassPathXmlApplicationContext@16c0663d: startup date [Thu Aug 09 16:07:37 CST 2018]; root of context hierarchy
[INFO][main][2018-08-09 16:07:37][org.springframework.beans.factory.xml.XmlBeanDefinitionReader] - Loading XML bean definitions from URL [file:/Users/weikunpeng/clone/ShoppingMall-master/target/classes/spring-mybatis.xml]
[INFO][main][2018-08-09 16:07:37][org.springframework.core.io.support.PropertiesLoaderSupport] - Loading properties file from class path resource [jdbc.properties]
[INFO][main][2018-08-09 16:07:37][org.springframework.beans.factory.annotation.AutowiredAnnotationBeanPostProcessor] - JSR-330 'javax.inject.Inject' annotation found and supported for autowiring
[INFO][main][2018-08-09 16:09:20][org.springframework.context.support.AbstractApplicationContext] - Refreshing org.springframework.context.support.ClassPathXmlApplicationContext@16c0663d: startup date [Thu Aug 09 16:09:20 CST 2018]; root of context hierarchy
[INFO][main][2018-08-09 16:09:20][org.springframework.beans.factory.xml.XmlBeanDefinitionReader] - Loading XML bean definitions from URL [file:/Users/weikunpeng/clone/ShoppingMall-master/target/classes/spring-mybatis.xml]
[INFO][main][2018-08-09 16:09:20][org.springframework.core.io.support.PropertiesLoaderSupport] - Loading properties file from class path resource [jdbc.properties]
[INFO][main][2018-08-09 16:09:20][org.springframework.beans.factory.annotation.AutowiredAnnotationBeanPostProcessor] - JSR-330 'javax.inject.Inject' annotation found and supported for autowiring
[INFO][main][2018-08-09 16:15:09][org.springframework.context.support.AbstractApplicationContext] - Refreshing org.springframework.context.support.ClassPathXmlApplicationContext@16c0663d: startup date [Thu Aug 09 16:15:09 CST 2018]; root of context hierarchy
[INFO][main][2018-08-09 16:15:09][org.springframework.beans.factory.xml.XmlBeanDefinitionReader] - Loading XML bean definitions from URL [file:/Users/weikunpeng/clone/ShoppingMall-master/target/classes/spring-mybatis.xml]
[INFO][main][2018-08-09 16:15:09][org.springframework.core.io.support.PropertiesLoaderSupport] - Loading properties file from class path resource [jdbc.properties]
[INFO][main][2018-08-09 16:15:09][org.springframework.beans.factory.annotation.AutowiredAnnotationBeanPostProcessor] - JSR-330 'javax.inject.Inject' annotation found and supported for autowiring
[INFO][main][2018-08-09 16:17:01][org.springframework.context.support.AbstractApplicationContext] - Refreshing org.springframework.context.support.ClassPathXmlApplicationContext@16c0663d: startup date [Thu Aug 09 16:17:01 CST 2018]; root of context hierarchy
[INFO][main][2018-08-09 16:17:01][org.springframework.beans.factory.xml.XmlBeanDefinitionReader] - Loading XML bean definitions from URL [file:/Users/weikunpeng/clone/ShoppingMall-master/target/classes/spring-mybatis.xml]
[INFO][main][2018-08-09 16:17:01][org.springframework.core.io.support.PropertiesLoaderSupport] - Loading properties file from class path resource [jdbc.properties]
[INFO][main][2018-08-09 16:17:01][org.springframework.beans.factory.annotation.AutowiredAnnotationBeanPostProcessor] - JSR-330 'javax.inject.Inject' annotation found and supported for autowiring
[INFO][main][2018-08-10 10:53:03][org.springframework.context.support.AbstractApplicationContext] - Refreshing org.springframework.context.support.ClassPathXmlApplicationContext@16c0663d: startup date [Fri Aug 10 10:53:03 CST 2018]; root of context hierarchy
[INFO][main][2018-08-10 10:53:04][org.springframework.beans.factory.xml.XmlBeanDefinitionReader] - Loading XML bean definitions from URL [file:/Users/weikunpeng/clone/ShoppingMall-master/target/classes/spring-mybatis.xml]
[INFO][main][2018-08-10 10:53:05][org.springframework.core.io.support.PropertiesLoaderSupport] - Loading properties file from class path resource [jdbc.properties]
[INFO][main][2018-08-10 10:53:05][org.springframework.beans.factory.annotation.AutowiredAnnotationBeanPostProcessor] - JSR-330 'javax.inject.Inject' annotation found and supported for autowiring
[INFO][main][2018-08-10 10:55:25][org.springframework.context.support.AbstractApplicationContext] - Refreshing org.springframework.context.support.ClassPathXmlApplicationContext@16c0663d: startup date [Fri Aug 10 10:55:25 CST 2018]; root of context hierarchy
[INFO][main][2018-08-10 10:55:25][org.springframework.beans.factory.xml.XmlBeanDefinitionReader] - Loading XML bean definitions from URL [file:/Users/weikunpeng/clone/ShoppingMall-master/target/classes/spring-mybatis.xml]
[INFO][main][2018-08-10 10:55:26][org.springframework.core.io.support.PropertiesLoaderSupport] - Loading properties file from class path resource [jdbc.properties]
[INFO][main][2018-08-10 10:55:26][org.springframework.beans.factory.annotation.AutowiredAnnotationBeanPostProcessor] - JSR-330 'javax.inject.Inject' annotation found and supported for autowiring
[INFO][main][2018-08-10 10:59:07][org.springframework.context.support.AbstractApplicationContext] - Refreshing org.springframework.context.support.ClassPathXmlApplicationContext@16c0663d: startup date [Fri Aug 10 10:59:07 CST 2018]; root of context hierarchy
[INFO][main][2018-08-10 10:59:07][org.springframework.beans.factory.xml.XmlBeanDefinitionReader] - Loading XML bean definitions from URL [file:/Users/weikunpeng/clone/ShoppingMall-master/target/classes/spring-mybatis.xml]
[INFO][main][2018-08-10 10:59:08][org.springframework.core.io.support.PropertiesLoaderSupport] - Loading properties file from class path resource [jdbc.properties]
[INFO][main][2018-08-10 10:59:08][org.springframework.beans.factory.annotation.AutowiredAnnotationBeanPostProcessor] - JSR-330 'javax.inject.Inject' annotation found and supported for autowiring
[INFO][main][2018-08-10 11:01:57][org.springframework.context.support.AbstractApplicationContext] - Refreshing org.springframework.context.support.ClassPathXmlApplicationContext@16c0663d: startup date [Fri Aug 10 11:01:57 CST 2018]; root of context hierarchy
[INFO][main][2018-08-10 11:01:57][org.springframework.beans.factory.xml.XmlBeanDefinitionReader] - Loading XML bean definitions from URL [file:/Users/weikunpeng/clone/ShoppingMall-master/target/classes/spring-mybatis.xml]
[INFO][main][2018-08-10 11:01:58][org.springframework.core.io.support.PropertiesLoaderSupport] - Loading properties file from class path resource [jdbc.properties]
[INFO][main][2018-08-10 11:01:58][org.springframework.beans.factory.annotation.AutowiredAnnotationBeanPostProcessor] - JSR-330 'javax.inject.Inject' annotation found and supported for autowiring
[INFO][main][2018-08-10 11:16:59][org.springframework.context.support.AbstractApplicationContext] - Refreshing org.springframework.context.support.ClassPathXmlApplicationContext@16c0663d: startup date [Fri Aug 10 11:16:59 CST 2018]; root of context hierarchy
[INFO][main][2018-08-10 11:16:59][org.springframework.beans.factory.xml.XmlBeanDefinitionReader] - Loading XML bean definitions from URL [file:/Users/weikunpeng/clone/ShoppingMall-master/target/classes/spring-mybatis.xml]
[INFO][main][2018-08-10 11:16:59][org.springframework.core.io.support.PropertiesLoaderSupport] - Loading properties file from class path resource [jdbc.properties]
[INFO][main][2018-08-10 11:16:59][org.springframework.beans.factory.annotation.AutowiredAnnotationBeanPostProcessor] - JSR-330 'javax.inject.Inject' annotation found and supported for autowiring
[INFO][main][2018-08-10 11:20:46][org.springframework.context.support.AbstractApplicationContext] - Refreshing org.springframework.context.support.ClassPathXmlApplicationContext@16c0663d: startup date [Fri Aug 10 11:20:46 CST 2018]; root of context hierarchy
[INFO][main][2018-08-10 11:20:46][org.springframework.beans.factory.xml.XmlBeanDefinitionReader] - Loading XML bean definitions from URL [file:/Users/weikunpeng/clone/ShoppingMall-master/target/classes/spring-mybatis.xml]
[INFO][main][2018-08-10 11:20:47][org.springframework.core.io.support.PropertiesLoaderSupport] - Loading properties file from class path resource [jdbc.properties]
[INFO][main][2018-08-10 11:20:47][org.springframework.beans.factory.annotation.AutowiredAnnotationBeanPostProcessor] - JSR-330 'javax.inject.Inject' annotation found and supported for autowiring
[INFO][main][2018-08-10 11:20:48][org.springframework.beans.factory.xml.XmlBeanDefinitionReader] - Loading XML bean definitions from class path resource [org/springframework/jdbc/support/sql-error-codes.xml]
[INFO][main][2018-08-10 11:20:48][org.springframework.jdbc.support.SQLErrorCodesFactory] - SQLErrorCodes loaded: [DB2, Derby, H2, HSQL, Informix, MS-SQL, MySQL, Oracle, PostgreSQL, Sybase]
[INFO][main][2018-08-10 11:36:13][org.springframework.context.support.AbstractApplicationContext] - Refreshing org.springframework.context.support.ClassPathXmlApplicationContext@16c0663d: startup date [Fri Aug 10 11:36:13 CST 2018]; root of context hierarchy
[INFO][main][2018-08-10 11:36:13][org.springframework.beans.factory.xml.XmlBeanDefinitionReader] - Loading XML bean definitions from URL [file:/Users/weikunpeng/clone/ShoppingMall-master/target/classes/spring-mybatis.xml]
[INFO][main][2018-08-10 11:36:13][org.springframework.core.io.support.PropertiesLoaderSupport] - Loading properties file from class path resource [jdbc.properties]
[INFO][main][2018-08-10 11:36:13][org.springframework.beans.factory.annotation.AutowiredAnnotationBeanPostProcessor] - JSR-330 'javax.inject.Inject' annotation found and supported for autowiring
[INFO][main][2018-08-10 15:09:47][org.springframework.context.support.AbstractApplicationContext] - Refreshing org.springframework.context.support.ClassPathXmlApplicationContext@16c0663d: startup date [Fri Aug 10 15:09:47 CST 2018]; root of context hierarchy
[INFO][main][2018-08-10 15:09:47][org.springframework.beans.factory.xml.XmlBeanDefinitionReader] - Loading XML bean definitions from URL [file:/Users/weikunpeng/clone/ShoppingMall-master/target/classes/spring-mybatis.xml]
[INFO][main][2018-08-10 15:09:47][org.springframework.core.io.support.PropertiesLoaderSupport] - Loading properties file from class path resource [jdbc.properties]
[INFO][main][2018-08-10 15:09:47][org.springframework.beans.factory.annotation.AutowiredAnnotationBeanPostProcessor] - JSR-330 'javax.inject.Inject' annotation found and supported for autowiring
[INFO][main][2018-08-10 15:13:52][org.springframework.context.support.AbstractApplicationContext] - Refreshing org.springframework.context.support.ClassPathXmlApplicationContext@16c0663d: startup date [Fri Aug 10 15:13:52 CST 2018]; root of context hierarchy
[INFO][main][2018-08-10 15:13:52][org.springframework.beans.factory.xml.XmlBeanDefinitionReader] - Loading XML bean definitions from URL [file:/Users/weikunpeng/clone/ShoppingMall-master/target/classes/spring-mybatis.xml]
[INFO][main][2018-08-10 15:13:53][org.springframework.core.io.support.PropertiesLoaderSupport] - Loading properties file from class path resource [jdbc.properties]
[INFO][main][2018-08-10 15:13:53][org.springframework.beans.factory.annotation.AutowiredAnnotationBeanPostProcessor] - JSR-330 'javax.inject.Inject' annotation found and supported for autowiring
[INFO][main][2018-08-10 15:17:20][org.springframework.context.support.AbstractApplicationContext] - Refreshing org.springframework.context.support.ClassPathXmlApplicationContext@d7b1517: startup date [Fri Aug 10 15:17:20 CST 2018]; root of context hierarchy
[INFO][main][2018-08-10 15:17:20][org.springframework.beans.factory.xml.XmlBeanDefinitionReader] - Loading XML bean definitions from URL [file:/Users/weikunpeng/clone/ShoppingMall-master/target/classes/spring-mybatis.xml]
[INFO][main][2018-08-10 15:17:20][org.springframework.core.io.support.PropertiesLoaderSupport] - Loading properties file from class path resource [jdbc.properties]
[INFO][main][2018-08-10 15:17:20][org.springframework.beans.factory.annotation.AutowiredAnnotationBeanPostProcessor] - JSR-330 'javax.inject.Inject' annotation found and supported for autowiring
[INFO][main][2018-08-10 15:17:58][org.springframework.context.support.AbstractApplicationContext] - Refreshing org.springframework.context.support.ClassPathXmlApplicationContext@16c0663d: startup date [Fri Aug 10 15:17:58 CST 2018]; root of context hierarchy
[INFO][main][2018-08-10 15:17:58][org.springframework.beans.factory.xml.XmlBeanDefinitionReader] - Loading XML bean definitions from URL [file:/Users/weikunpeng/clone/ShoppingMall-master/target/classes/spring-mybatis.xml]
[INFO][main][2018-08-10 15:17:58][org.springframework.core.io.support.PropertiesLoaderSupport] - Loading properties file from class path resource [jdbc.properties]
[INFO][main][2018-08-10 15:17:58][org.springframework.beans.factory.annotation.AutowiredAnnotationBeanPostProcessor] - JSR-330 'javax.inject.Inject' annotation found and supported for autowiring
